<?xml version="1.0" encoding="UTF-8"?>
<!-- Generated by org.testng.reporters.JUnitReportReporter -->
<testsuite skipped="2" hostname="debmalya.indusnettechnologies.com" name="copofi.testRun.testSuite" tests="2" failures="0" timestamp="22 Mar 2018 11:37:35 GMT" time="0.000" errors="0">
  <testcase name="loginvalidationtest" time="0.000" classname="copofi.testRun.testSuite">
    <skipped/>
  </testcase> <!-- loginvalidationtest -->
  <testcase name="validlogin" time="0.000" classname="copofi.testRun.testSuite">
    <skipped/>
  </testcase> <!-- validlogin -->
</testsuite> <!-- copofi.testRun.testSuite -->
